24-Aug-2023 11:23:41.971 INFO [Catalina-utility-2] org.apache.catalina.startup.HostConfig.undeploy Undeploying context [/jsp-project]
24-Aug-2023 11:23:42.004 INFO [Catalina-utility-2] org.apache.catalina.startup.HostConfig.deployWAR Deploying web application archive [/Users/juan/code/skillsoft/java-novice-to-javanista/track-3-javanista/building-web-applications-with-jsp-customizing-responses-with-servlets/apache-tomcat-10.1.12/webapps/jsp-project.war]
24-Aug-2023 11:23:42.082 INFO [Catalina-utility-2] org.apache.catalina.startup.HostConfig.deployWAR Deployment of web application archive [/Users/juan/code/skillsoft/java-novice-to-javanista/track-3-javanista/building-web-applications-with-jsp-customizing-responses-with-servlets/apache-tomcat-10.1.12/webapps/jsp-project.war] has finished in [77] ms
24-Aug-2023 11:28:42.218 INFO [Catalina-utility-1] org.apache.catalina.startup.HostConfig.undeploy Undeploying context [/jsp-project]
24-Aug-2023 11:28:42.231 INFO [Catalina-utility-1] org.apache.catalina.startup.HostConfig.deployWAR Deploying web application archive [/Users/juan/code/skillsoft/java-novice-to-javanista/track-3-javanista/building-web-applications-with-jsp-customizing-responses-with-servlets/apache-tomcat-10.1.12/webapps/jsp-project.war]
24-Aug-2023 11:28:42.266 INFO [Catalina-utility-1] org.apache.catalina.startup.HostConfig.deployWAR Deployment of web application archive [/Users/juan/code/skillsoft/java-novice-to-javanista/track-3-javanista/building-web-applications-with-jsp-customizing-responses-with-servlets/apache-tomcat-10.1.12/webapps/jsp-project.war] has finished in [35] ms
24-Aug-2023 11:29:52.295 INFO [Catalina-utility-2] org.apache.catalina.startup.HostConfig.undeploy Undeploying context [/jsp-project]
24-Aug-2023 11:29:52.305 INFO [Catalina-utility-2] org.apache.catalina.startup.HostConfig.deployWAR Deploying web application archive [/Users/juan/code/skillsoft/java-novice-to-javanista/track-3-javanista/building-web-applications-with-jsp-customizing-responses-with-servlets/apache-tomcat-10.1.12/webapps/jsp-project.war]
24-Aug-2023 11:29:52.337 INFO [Catalina-utility-2] org.apache.catalina.startup.HostConfig.deployWAR Deployment of web application archive [/Users/juan/code/skillsoft/java-novice-to-javanista/track-3-javanista/building-web-applications-with-jsp-customizing-responses-with-servlets/apache-tomcat-10.1.12/webapps/jsp-project.war] has finished in [32] ms
24-Aug-2023 12:09:58.511 INFO [main] org.apache.catalina.startup.VersionLoggerListener.log Server version name:   Apache Tomcat/10.1.12
24-Aug-2023 12:09:58.515 INFO [main] org.apache.catalina.startup.VersionLoggerListener.log Server built:          Aug 8 2023 19:16:13 UTC
24-Aug-2023 12:09:58.517 INFO [main] org.apache.catalina.startup.VersionLoggerListener.log Server version number: 10.1.12.0
24-Aug-2023 12:09:58.517 INFO [main] org.apache.catalina.startup.VersionLoggerListener.log OS Name:               Mac OS X
24-Aug-2023 12:09:58.518 INFO [main] org.apache.catalina.startup.VersionLoggerListener.log OS Version:            10.16
24-Aug-2023 12:09:58.518 INFO [main] org.apache.catalina.startup.VersionLoggerListener.log Architecture:          x86_64
24-Aug-2023 12:09:58.518 INFO [main] org.apache.catalina.startup.VersionLoggerListener.log Java Home:             /Library/Java/JavaVirtualMachines/jdk-13.0.1.jdk/Contents/Home
24-Aug-2023 12:09:58.518 INFO [main] org.apache.catalina.startup.VersionLoggerListener.log JVM Version:           13.0.1+9
24-Aug-2023 12:09:58.518 INFO [main] org.apache.catalina.startup.VersionLoggerListener.log JVM Vendor:            Oracle Corporation
24-Aug-2023 12:09:58.518 INFO [main] org.apache.catalina.startup.VersionLoggerListener.log CATALINA_BASE:         /Users/juan/code/skillsoft/java-novice-to-javanista/track-3-javanista/building-web-applications-with-jsp-customizing-responses-with-servlets/apache-tomcat-10.1.12
24-Aug-2023 12:09:58.519 INFO [main] org.apache.catalina.startup.VersionLoggerListener.log CATALINA_HOME:         /Users/juan/code/skillsoft/java-novice-to-javanista/track-3-javanista/building-web-applications-with-jsp-customizing-responses-with-servlets/apache-tomcat-10.1.12
24-Aug-2023 12:09:58.571 INFO [main] org.apache.catalina.startup.VersionLoggerListener.log Command line argument: -Djava.util.logging.config.file=/Users/juan/code/skillsoft/java-novice-to-javanista/track-3-javanista/building-web-applications-with-jsp-customizing-responses-with-servlets/apache-tomcat-10.1.12/conf/logging.properties
24-Aug-2023 12:09:58.580 INFO [main] org.apache.catalina.startup.VersionLoggerListener.log Command line argument: -Djava.util.logging.manager=org.apache.juli.ClassLoaderLogManager
24-Aug-2023 12:09:58.585 INFO [main] org.apache.catalina.startup.VersionLoggerListener.log Command line argument: -Djdk.tls.ephemeralDHKeySize=2048
24-Aug-2023 12:09:58.587 INFO [main] org.apache.catalina.startup.VersionLoggerListener.log Command line argument: -Djava.protocol.handler.pkgs=org.apache.catalina.webresources
24-Aug-2023 12:09:58.599 INFO [main] org.apache.catalina.startup.VersionLoggerListener.log Command line argument: -Dorg.apache.catalina.security.SecurityListener.UMASK=0027
24-Aug-2023 12:09:58.602 INFO [main] org.apache.catalina.startup.VersionLoggerListener.log Command line argument: --add-opens=java.base/java.lang=ALL-UNNAMED
24-Aug-2023 12:09:58.603 INFO [main] org.apache.catalina.startup.VersionLoggerListener.log Command line argument: --add-opens=java.base/java.io=ALL-UNNAMED
24-Aug-2023 12:09:58.607 INFO [main] org.apache.catalina.startup.VersionLoggerListener.log Command line argument: --add-opens=java.base/java.util=ALL-UNNAMED
24-Aug-2023 12:09:58.608 INFO [main] org.apache.catalina.startup.VersionLoggerListener.log Command line argument: --add-opens=java.base/java.util.concurrent=ALL-UNNAMED
24-Aug-2023 12:09:58.609 INFO [main] org.apache.catalina.startup.VersionLoggerListener.log Command line argument: --add-opens=java.rmi/sun.rmi.transport=ALL-UNNAMED
24-Aug-2023 12:09:58.609 INFO [main] org.apache.catalina.startup.VersionLoggerListener.log Command line argument: -Dcatalina.base=/Users/juan/code/skillsoft/java-novice-to-javanista/track-3-javanista/building-web-applications-with-jsp-customizing-responses-with-servlets/apache-tomcat-10.1.12
24-Aug-2023 12:09:58.628 INFO [main] org.apache.catalina.startup.VersionLoggerListener.log Command line argument: -Dcatalina.home=/Users/juan/code/skillsoft/java-novice-to-javanista/track-3-javanista/building-web-applications-with-jsp-customizing-responses-with-servlets/apache-tomcat-10.1.12
24-Aug-2023 12:09:58.628 INFO [main] org.apache.catalina.startup.VersionLoggerListener.log Command line argument: -Djava.io.tmpdir=/Users/juan/code/skillsoft/java-novice-to-javanista/track-3-javanista/building-web-applications-with-jsp-customizing-responses-with-servlets/apache-tomcat-10.1.12/temp
24-Aug-2023 12:09:58.632 INFO [main] org.apache.catalina.core.AprLifecycleListener.lifecycleEvent The Apache Tomcat Native library which allows using OpenSSL was not found on the java.library.path: [/Users/juan/Library/Java/Extensions:/Library/Java/Extensions:/Network/Library/Java/Extensions:/System/Library/Java/Extensions:/usr/lib/java:.]
24-Aug-2023 12:09:58.945 INFO [main] org.apache.coyote.AbstractProtocol.init Initializing ProtocolHandler ["http-nio-8080"]
24-Aug-2023 12:09:58.990 INFO [main] org.apache.catalina.startup.Catalina.load Server initialization in [786] milliseconds
24-Aug-2023 12:09:59.063 INFO [main] org.apache.catalina.core.StandardService.startInternal Starting service [Catalina]
24-Aug-2023 12:09:59.064 INFO [main] org.apache.catalina.core.StandardEngine.startInternal Starting Servlet engine: [Apache Tomcat/10.1.12]
24-Aug-2023 12:09:59.094 INFO [main] org.apache.catalina.startup.HostConfig.deployWAR Deploying web application archive [/Users/juan/code/skillsoft/java-novice-to-javanista/track-3-javanista/building-web-applications-with-jsp-customizing-responses-with-servlets/apache-tomcat-10.1.12/webapps/jsp-project.war]
24-Aug-2023 12:09:59.548 INFO [main] org.apache.catalina.startup.HostConfig.deployWAR Deployment of web application archive [/Users/juan/code/skillsoft/java-novice-to-javanista/track-3-javanista/building-web-applications-with-jsp-customizing-responses-with-servlets/apache-tomcat-10.1.12/webapps/jsp-project.war] has finished in [454] ms
24-Aug-2023 12:09:59.549 INFO [main] org.apache.catalina.startup.HostConfig.deployDirectory Deploying web application directory [/Users/juan/code/skillsoft/java-novice-to-javanista/track-3-javanista/building-web-applications-with-jsp-customizing-responses-with-servlets/apache-tomcat-10.1.12/webapps/docs]
24-Aug-2023 12:09:59.578 INFO [main] org.apache.catalina.startup.HostConfig.deployDirectory Deployment of web application directory [/Users/juan/code/skillsoft/java-novice-to-javanista/track-3-javanista/building-web-applications-with-jsp-customizing-responses-with-servlets/apache-tomcat-10.1.12/webapps/docs] has finished in [29] ms
24-Aug-2023 12:09:59.578 INFO [main] org.apache.catalina.startup.HostConfig.deployDirectory Deploying web application directory [/Users/juan/code/skillsoft/java-novice-to-javanista/track-3-javanista/building-web-applications-with-jsp-customizing-responses-with-servlets/apache-tomcat-10.1.12/webapps/manager]
24-Aug-2023 12:09:59.627 INFO [main] org.apache.catalina.startup.HostConfig.deployDirectory Deployment of web application directory [/Users/juan/code/skillsoft/java-novice-to-javanista/track-3-javanista/building-web-applications-with-jsp-customizing-responses-with-servlets/apache-tomcat-10.1.12/webapps/manager] has finished in [49] ms
24-Aug-2023 12:09:59.627 INFO [main] org.apache.catalina.startup.HostConfig.deployDirectory Deploying web application directory [/Users/juan/code/skillsoft/java-novice-to-javanista/track-3-javanista/building-web-applications-with-jsp-customizing-responses-with-servlets/apache-tomcat-10.1.12/webapps/examples]
24-Aug-2023 12:09:59.944 INFO [main] org.apache.catalina.startup.HostConfig.deployDirectory Deployment of web application directory [/Users/juan/code/skillsoft/java-novice-to-javanista/track-3-javanista/building-web-applications-with-jsp-customizing-responses-with-servlets/apache-tomcat-10.1.12/webapps/examples] has finished in [316] ms
24-Aug-2023 12:09:59.944 INFO [main] org.apache.catalina.startup.HostConfig.deployDirectory Deploying web application directory [/Users/juan/code/skillsoft/java-novice-to-javanista/track-3-javanista/building-web-applications-with-jsp-customizing-responses-with-servlets/apache-tomcat-10.1.12/webapps/ROOT]
24-Aug-2023 12:09:59.967 INFO [main] org.apache.catalina.startup.HostConfig.deployDirectory Deployment of web application directory [/Users/juan/code/skillsoft/java-novice-to-javanista/track-3-javanista/building-web-applications-with-jsp-customizing-responses-with-servlets/apache-tomcat-10.1.12/webapps/ROOT] has finished in [23] ms
24-Aug-2023 12:09:59.967 INFO [main] org.apache.catalina.startup.HostConfig.deployDirectory Deploying web application directory [/Users/juan/code/skillsoft/java-novice-to-javanista/track-3-javanista/building-web-applications-with-jsp-customizing-responses-with-servlets/apache-tomcat-10.1.12/webapps/host-manager]
24-Aug-2023 12:10:00.033 INFO [main] org.apache.catalina.startup.HostConfig.deployDirectory Deployment of web application directory [/Users/juan/code/skillsoft/java-novice-to-javanista/track-3-javanista/building-web-applications-with-jsp-customizing-responses-with-servlets/apache-tomcat-10.1.12/webapps/host-manager] has finished in [65] ms
24-Aug-2023 12:10:00.036 INFO [main] org.apache.coyote.AbstractProtocol.start Starting ProtocolHandler ["http-nio-8080"]
24-Aug-2023 12:10:00.060 INFO [main] org.apache.catalina.startup.Catalina.start Server startup in [1068] milliseconds
24-Aug-2023 13:18:48.137 INFO [main] org.apache.catalina.startup.VersionLoggerListener.log Server version name:   Apache Tomcat/10.1.12
24-Aug-2023 13:18:48.142 INFO [main] org.apache.catalina.startup.VersionLoggerListener.log Server built:          Aug 8 2023 19:16:13 UTC
24-Aug-2023 13:18:48.143 INFO [main] org.apache.catalina.startup.VersionLoggerListener.log Server version number: 10.1.12.0
24-Aug-2023 13:18:48.144 INFO [main] org.apache.catalina.startup.VersionLoggerListener.log OS Name:               Mac OS X
24-Aug-2023 13:18:48.145 INFO [main] org.apache.catalina.startup.VersionLoggerListener.log OS Version:            10.16
24-Aug-2023 13:18:48.146 INFO [main] org.apache.catalina.startup.VersionLoggerListener.log Architecture:          x86_64
24-Aug-2023 13:18:48.147 INFO [main] org.apache.catalina.startup.VersionLoggerListener.log Java Home:             /Library/Java/JavaVirtualMachines/jdk-13.0.1.jdk/Contents/Home
24-Aug-2023 13:18:48.149 INFO [main] org.apache.catalina.startup.VersionLoggerListener.log JVM Version:           13.0.1+9
24-Aug-2023 13:18:48.152 INFO [main] org.apache.catalina.startup.VersionLoggerListener.log JVM Vendor:            Oracle Corporation
24-Aug-2023 13:18:48.153 INFO [main] org.apache.catalina.startup.VersionLoggerListener.log CATALINA_BASE:         /Users/juan/code/skillsoft/java-novice-to-javanista/track-3-javanista/building-web-applications-with-jsp-customizing-responses-with-servlets/apache-tomcat-10.1.12
24-Aug-2023 13:18:48.154 INFO [main] org.apache.catalina.startup.VersionLoggerListener.log CATALINA_HOME:         /Users/juan/code/skillsoft/java-novice-to-javanista/track-3-javanista/building-web-applications-with-jsp-customizing-responses-with-servlets/apache-tomcat-10.1.12
24-Aug-2023 13:18:48.204 INFO [main] org.apache.catalina.startup.VersionLoggerListener.log Command line argument: -Djava.util.logging.config.file=/Users/juan/code/skillsoft/java-novice-to-javanista/track-3-javanista/building-web-applications-with-jsp-customizing-responses-with-servlets/apache-tomcat-10.1.12/conf/logging.properties
24-Aug-2023 13:18:48.208 INFO [main] org.apache.catalina.startup.VersionLoggerListener.log Command line argument: -Djava.util.logging.manager=org.apache.juli.ClassLoaderLogManager
24-Aug-2023 13:18:48.208 INFO [main] org.apache.catalina.startup.VersionLoggerListener.log Command line argument: -Djdk.tls.ephemeralDHKeySize=2048
24-Aug-2023 13:18:48.209 INFO [main] org.apache.catalina.startup.VersionLoggerListener.log Command line argument: -Djava.protocol.handler.pkgs=org.apache.catalina.webresources
24-Aug-2023 13:18:48.210 INFO [main] org.apache.catalina.startup.VersionLoggerListener.log Command line argument: -Dorg.apache.catalina.security.SecurityListener.UMASK=0027
24-Aug-2023 13:18:48.210 INFO [main] org.apache.catalina.startup.VersionLoggerListener.log Command line argument: --add-opens=java.base/java.lang=ALL-UNNAMED
24-Aug-2023 13:18:48.211 INFO [main] org.apache.catalina.startup.VersionLoggerListener.log Command line argument: --add-opens=java.base/java.io=ALL-UNNAMED
24-Aug-2023 13:18:48.212 INFO [main] org.apache.catalina.startup.VersionLoggerListener.log Command line argument: --add-opens=java.base/java.util=ALL-UNNAMED
24-Aug-2023 13:18:48.213 INFO [main] org.apache.catalina.startup.VersionLoggerListener.log Command line argument: --add-opens=java.base/java.util.concurrent=ALL-UNNAMED
24-Aug-2023 13:18:48.213 INFO [main] org.apache.catalina.startup.VersionLoggerListener.log Command line argument: --add-opens=java.rmi/sun.rmi.transport=ALL-UNNAMED
24-Aug-2023 13:18:48.213 INFO [main] org.apache.catalina.startup.VersionLoggerListener.log Command line argument: -Dcatalina.base=/Users/juan/code/skillsoft/java-novice-to-javanista/track-3-javanista/building-web-applications-with-jsp-customizing-responses-with-servlets/apache-tomcat-10.1.12
24-Aug-2023 13:18:48.213 INFO [main] org.apache.catalina.startup.VersionLoggerListener.log Command line argument: -Dcatalina.home=/Users/juan/code/skillsoft/java-novice-to-javanista/track-3-javanista/building-web-applications-with-jsp-customizing-responses-with-servlets/apache-tomcat-10.1.12
24-Aug-2023 13:18:48.214 INFO [main] org.apache.catalina.startup.VersionLoggerListener.log Command line argument: -Djava.io.tmpdir=/Users/juan/code/skillsoft/java-novice-to-javanista/track-3-javanista/building-web-applications-with-jsp-customizing-responses-with-servlets/apache-tomcat-10.1.12/temp
24-Aug-2023 13:18:48.219 INFO [main] org.apache.catalina.core.AprLifecycleListener.lifecycleEvent The Apache Tomcat Native library which allows using OpenSSL was not found on the java.library.path: [/Users/juan/Library/Java/Extensions:/Library/Java/Extensions:/Network/Library/Java/Extensions:/System/Library/Java/Extensions:/usr/lib/java:.]
24-Aug-2023 13:18:48.873 INFO [main] org.apache.coyote.AbstractProtocol.init Initializing ProtocolHandler ["http-nio-8080"]
24-Aug-2023 13:18:48.921 INFO [main] org.apache.catalina.startup.Catalina.load Server initialization in [1509] milliseconds
24-Aug-2023 13:18:49.104 INFO [main] org.apache.catalina.core.StandardService.startInternal Starting service [Catalina]
24-Aug-2023 13:18:49.105 INFO [main] org.apache.catalina.core.StandardEngine.startInternal Starting Servlet engine: [Apache Tomcat/10.1.12]
24-Aug-2023 13:18:49.135 INFO [main] org.apache.catalina.startup.HostConfig.deployWAR Deploying web application archive [/Users/juan/code/skillsoft/java-novice-to-javanista/track-3-javanista/building-web-applications-with-jsp-customizing-responses-with-servlets/apache-tomcat-10.1.12/webapps/jsp-project.war]
24-Aug-2023 13:18:50.010 INFO [main] org.apache.catalina.startup.HostConfig.deployWAR Deployment of web application archive [/Users/juan/code/skillsoft/java-novice-to-javanista/track-3-javanista/building-web-applications-with-jsp-customizing-responses-with-servlets/apache-tomcat-10.1.12/webapps/jsp-project.war] has finished in [874] ms
24-Aug-2023 13:18:50.012 INFO [main] org.apache.catalina.startup.HostConfig.deployDirectory Deploying web application directory [/Users/juan/code/skillsoft/java-novice-to-javanista/track-3-javanista/building-web-applications-with-jsp-customizing-responses-with-servlets/apache-tomcat-10.1.12/webapps/docs]
24-Aug-2023 13:18:50.129 INFO [main] org.apache.catalina.startup.HostConfig.deployDirectory Deployment of web application directory [/Users/juan/code/skillsoft/java-novice-to-javanista/track-3-javanista/building-web-applications-with-jsp-customizing-responses-with-servlets/apache-tomcat-10.1.12/webapps/docs] has finished in [116] ms
24-Aug-2023 13:18:50.130 INFO [main] org.apache.catalina.startup.HostConfig.deployDirectory Deploying web application directory [/Users/juan/code/skillsoft/java-novice-to-javanista/track-3-javanista/building-web-applications-with-jsp-customizing-responses-with-servlets/apache-tomcat-10.1.12/webapps/manager]
24-Aug-2023 13:18:50.224 INFO [main] org.apache.catalina.startup.HostConfig.deployDirectory Deployment of web application directory [/Users/juan/code/skillsoft/java-novice-to-javanista/track-3-javanista/building-web-applications-with-jsp-customizing-responses-with-servlets/apache-tomcat-10.1.12/webapps/manager] has finished in [94] ms
24-Aug-2023 13:18:50.224 INFO [main] org.apache.catalina.startup.HostConfig.deployDirectory Deploying web application directory [/Users/juan/code/skillsoft/java-novice-to-javanista/track-3-javanista/building-web-applications-with-jsp-customizing-responses-with-servlets/apache-tomcat-10.1.12/webapps/examples]
24-Aug-2023 13:18:50.824 INFO [main] org.apache.catalina.startup.HostConfig.deployDirectory Deployment of web application directory [/Users/juan/code/skillsoft/java-novice-to-javanista/track-3-javanista/building-web-applications-with-jsp-customizing-responses-with-servlets/apache-tomcat-10.1.12/webapps/examples] has finished in [600] ms
24-Aug-2023 13:18:50.828 INFO [main] org.apache.catalina.startup.HostConfig.deployDirectory Deploying web application directory [/Users/juan/code/skillsoft/java-novice-to-javanista/track-3-javanista/building-web-applications-with-jsp-customizing-responses-with-servlets/apache-tomcat-10.1.12/webapps/ROOT]
24-Aug-2023 13:18:50.896 INFO [main] org.apache.catalina.startup.HostConfig.deployDirectory Deployment of web application directory [/Users/juan/code/skillsoft/java-novice-to-javanista/track-3-javanista/building-web-applications-with-jsp-customizing-responses-with-servlets/apache-tomcat-10.1.12/webapps/ROOT] has finished in [70] ms
24-Aug-2023 13:18:50.896 INFO [main] org.apache.catalina.startup.HostConfig.deployDirectory Deploying web application directory [/Users/juan/code/skillsoft/java-novice-to-javanista/track-3-javanista/building-web-applications-with-jsp-customizing-responses-with-servlets/apache-tomcat-10.1.12/webapps/host-manager]
24-Aug-2023 13:18:50.964 INFO [main] org.apache.catalina.startup.HostConfig.deployDirectory Deployment of web application directory [/Users/juan/code/skillsoft/java-novice-to-javanista/track-3-javanista/building-web-applications-with-jsp-customizing-responses-with-servlets/apache-tomcat-10.1.12/webapps/host-manager] has finished in [68] ms
24-Aug-2023 13:18:50.971 INFO [main] org.apache.coyote.AbstractProtocol.start Starting ProtocolHandler ["http-nio-8080"]
24-Aug-2023 13:18:50.990 INFO [main] org.apache.catalina.startup.Catalina.start Server startup in [1942] milliseconds
24-Aug-2023 20:50:03.636 INFO [main] org.apache.catalina.startup.VersionLoggerListener.log Server version name:   Apache Tomcat/10.1.12
24-Aug-2023 20:50:03.643 INFO [main] org.apache.catalina.startup.VersionLoggerListener.log Server built:          Aug 8 2023 19:16:13 UTC
24-Aug-2023 20:50:03.643 INFO [main] org.apache.catalina.startup.VersionLoggerListener.log Server version number: 10.1.12.0
24-Aug-2023 20:50:03.643 INFO [main] org.apache.catalina.startup.VersionLoggerListener.log OS Name:               Mac OS X
24-Aug-2023 20:50:03.643 INFO [main] org.apache.catalina.startup.VersionLoggerListener.log OS Version:            10.16
24-Aug-2023 20:50:03.643 INFO [main] org.apache.catalina.startup.VersionLoggerListener.log Architecture:          x86_64
24-Aug-2023 20:50:03.643 INFO [main] org.apache.catalina.startup.VersionLoggerListener.log Java Home:             /Library/Java/JavaVirtualMachines/jdk-13.0.1.jdk/Contents/Home
24-Aug-2023 20:50:03.644 INFO [main] org.apache.catalina.startup.VersionLoggerListener.log JVM Version:           13.0.1+9
24-Aug-2023 20:50:03.644 INFO [main] org.apache.catalina.startup.VersionLoggerListener.log JVM Vendor:            Oracle Corporation
24-Aug-2023 20:50:03.644 INFO [main] org.apache.catalina.startup.VersionLoggerListener.log CATALINA_BASE:         /Users/juan/code/skillsoft/java-novice-to-javanista/track-3-javanista/building-web-applications-with-jsp-integrating-a-jsp-app-with-a-database/apache-tomcat-10.1.12
24-Aug-2023 20:50:03.644 INFO [main] org.apache.catalina.startup.VersionLoggerListener.log CATALINA_HOME:         /Users/juan/code/skillsoft/java-novice-to-javanista/track-3-javanista/building-web-applications-with-jsp-integrating-a-jsp-app-with-a-database/apache-tomcat-10.1.12
24-Aug-2023 20:50:03.660 INFO [main] org.apache.catalina.startup.VersionLoggerListener.log Command line argument: -Djava.util.logging.config.file=/Users/juan/code/skillsoft/java-novice-to-javanista/track-3-javanista/building-web-applications-with-jsp-integrating-a-jsp-app-with-a-database/apache-tomcat-10.1.12/conf/logging.properties
24-Aug-2023 20:50:03.660 INFO [main] org.apache.catalina.startup.VersionLoggerListener.log Command line argument: -Djava.util.logging.manager=org.apache.juli.ClassLoaderLogManager
24-Aug-2023 20:50:03.660 INFO [main] org.apache.catalina.startup.VersionLoggerListener.log Command line argument: -Djdk.tls.ephemeralDHKeySize=2048
24-Aug-2023 20:50:03.661 INFO [main] org.apache.catalina.startup.VersionLoggerListener.log Command line argument: -Djava.protocol.handler.pkgs=org.apache.catalina.webresources
24-Aug-2023 20:50:03.661 INFO [main] org.apache.catalina.startup.VersionLoggerListener.log Command line argument: -Dorg.apache.catalina.security.SecurityListener.UMASK=0027
24-Aug-2023 20:50:03.661 INFO [main] org.apache.catalina.startup.VersionLoggerListener.log Command line argument: --add-opens=java.base/java.lang=ALL-UNNAMED
24-Aug-2023 20:50:03.661 INFO [main] org.apache.catalina.startup.VersionLoggerListener.log Command line argument: --add-opens=java.base/java.io=ALL-UNNAMED
24-Aug-2023 20:50:03.661 INFO [main] org.apache.catalina.startup.VersionLoggerListener.log Command line argument: --add-opens=java.base/java.util=ALL-UNNAMED
24-Aug-2023 20:50:03.661 INFO [main] org.apache.catalina.startup.VersionLoggerListener.log Command line argument: --add-opens=java.base/java.util.concurrent=ALL-UNNAMED
24-Aug-2023 20:50:03.661 INFO [main] org.apache.catalina.startup.VersionLoggerListener.log Command line argument: --add-opens=java.rmi/sun.rmi.transport=ALL-UNNAMED
24-Aug-2023 20:50:03.662 INFO [main] org.apache.catalina.startup.VersionLoggerListener.log Command line argument: -Dcatalina.base=/Users/juan/code/skillsoft/java-novice-to-javanista/track-3-javanista/building-web-applications-with-jsp-integrating-a-jsp-app-with-a-database/apache-tomcat-10.1.12
24-Aug-2023 20:50:03.662 INFO [main] org.apache.catalina.startup.VersionLoggerListener.log Command line argument: -Dcatalina.home=/Users/juan/code/skillsoft/java-novice-to-javanista/track-3-javanista/building-web-applications-with-jsp-integrating-a-jsp-app-with-a-database/apache-tomcat-10.1.12
24-Aug-2023 20:50:03.662 INFO [main] org.apache.catalina.startup.VersionLoggerListener.log Command line argument: -Djava.io.tmpdir=/Users/juan/code/skillsoft/java-novice-to-javanista/track-3-javanista/building-web-applications-with-jsp-integrating-a-jsp-app-with-a-database/apache-tomcat-10.1.12/temp
24-Aug-2023 20:50:03.666 INFO [main] org.apache.catalina.core.AprLifecycleListener.lifecycleEvent The Apache Tomcat Native library which allows using OpenSSL was not found on the java.library.path: [/Users/juan/Library/Java/Extensions:/Library/Java/Extensions:/Network/Library/Java/Extensions:/System/Library/Java/Extensions:/usr/lib/java:.]
24-Aug-2023 20:50:03.908 INFO [main] org.apache.coyote.AbstractProtocol.init Initializing ProtocolHandler ["http-nio-8080"]
24-Aug-2023 20:50:03.928 SEVERE [main] org.apache.catalina.util.LifecycleBase.handleSubClassException Failed to initialize component [Connector["http-nio-8080"]]
	org.apache.catalina.LifecycleException: Protocol handler initialization failed
		at org.apache.catalina.connector.Connector.initInternal(Connector.java:1015)
		at org.apache.catalina.util.LifecycleBase.init(LifecycleBase.java:136)
		at org.apache.catalina.core.StandardService.initInternal(StandardService.java:549)
		at org.apache.catalina.util.LifecycleBase.init(LifecycleBase.java:136)
		at org.apache.catalina.core.StandardServer.initInternal(StandardServer.java:1011)
		at org.apache.catalina.util.LifecycleBase.init(LifecycleBase.java:136)
		at org.apache.catalina.startup.Catalina.load(Catalina.java:747)
		at org.apache.catalina.startup.Catalina.load(Catalina.java:769)
		at java.base/jdk.internal.reflect.NativeMethodAccessorImpl.invoke0(Native Method)
		at java.base/jdk.internal.reflect.NativeMethodAccessorImpl.invoke(NativeMethodAccessorImpl.java:62)
		at java.base/jdk.internal.reflect.DelegatingMethodAccessorImpl.invoke(DelegatingMethodAccessorImpl.java:43)
		at java.base/java.lang.reflect.Method.invoke(Method.java:567)
		at org.apache.catalina.startup.Bootstrap.load(Bootstrap.java:307)
		at org.apache.catalina.startup.Bootstrap.main(Bootstrap.java:477)
	Caused by: java.net.BindException: Address already in use
		at java.base/sun.nio.ch.Net.bind0(Native Method)
		at java.base/sun.nio.ch.Net.bind(Net.java:469)
		at java.base/sun.nio.ch.Net.bind(Net.java:458)
		at java.base/sun.nio.ch.ServerSocketChannelImpl.bind(ServerSocketChannelImpl.java:220)
		at org.apache.tomcat.util.net.NioEndpoint.initServerSocket(NioEndpoint.java:247)
		at org.apache.tomcat.util.net.NioEndpoint.bind(NioEndpoint.java:202)
		at org.apache.tomcat.util.net.AbstractEndpoint.bindWithCleanup(AbstractEndpoint.java:1278)
		at org.apache.tomcat.util.net.AbstractEndpoint.init(AbstractEndpoint.java:1291)
		at org.apache.coyote.AbstractProtocol.init(AbstractProtocol.java:622)
		at org.apache.coyote.http11.AbstractHttp11Protocol.init(AbstractHttp11Protocol.java:77)
		at org.apache.catalina.connector.Connector.initInternal(Connector.java:1013)
		... 13 more
24-Aug-2023 20:50:03.929 INFO [main] org.apache.catalina.startup.Catalina.load Server initialization in [507] milliseconds
24-Aug-2023 20:50:04.041 INFO [main] org.apache.catalina.core.StandardService.startInternal Starting service [Catalina]
24-Aug-2023 20:50:04.042 INFO [main] org.apache.catalina.core.StandardEngine.startInternal Starting Servlet engine: [Apache Tomcat/10.1.12]
24-Aug-2023 20:50:04.086 INFO [main] org.apache.catalina.startup.HostConfig.deployWAR Deploying web application archive [/Users/juan/code/skillsoft/java-novice-to-javanista/track-3-javanista/building-web-applications-with-jsp-integrating-a-jsp-app-with-a-database/apache-tomcat-10.1.12/webapps/jsp-project.war]
24-Aug-2023 20:50:04.109 INFO [main] org.apache.catalina.startup.ExpandWar.expand An expanded directory [/Users/juan/code/skillsoft/java-novice-to-javanista/track-3-javanista/building-web-applications-with-jsp-integrating-a-jsp-app-with-a-database/apache-tomcat-10.1.12/webapps/jsp-project] was found with a last modified time that did not match the associated WAR. It will be deleted.
24-Aug-2023 20:50:04.853 INFO [main] org.apache.jasper.servlet.TldScanner.scanJars At least one JAR was scanned for TLDs yet contained no TLDs. Enable debug logging for this logger for a complete list of JARs that were scanned but no TLDs were found in them. Skipping unneeded JARs during scanning can improve startup time and JSP compilation time.
24-Aug-2023 20:50:04.886 INFO [main] org.apache.catalina.startup.HostConfig.deployWAR Deployment of web application archive [/Users/juan/code/skillsoft/java-novice-to-javanista/track-3-javanista/building-web-applications-with-jsp-integrating-a-jsp-app-with-a-database/apache-tomcat-10.1.12/webapps/jsp-project.war] has finished in [799] ms
24-Aug-2023 20:50:04.886 INFO [main] org.apache.catalina.startup.HostConfig.deployDirectory Deploying web application directory [/Users/juan/code/skillsoft/java-novice-to-javanista/track-3-javanista/building-web-applications-with-jsp-integrating-a-jsp-app-with-a-database/apache-tomcat-10.1.12/webapps/docs]
24-Aug-2023 20:50:04.911 INFO [main] org.apache.catalina.startup.HostConfig.deployDirectory Deployment of web application directory [/Users/juan/code/skillsoft/java-novice-to-javanista/track-3-javanista/building-web-applications-with-jsp-integrating-a-jsp-app-with-a-database/apache-tomcat-10.1.12/webapps/docs] has finished in [25] ms
24-Aug-2023 20:50:04.912 INFO [main] org.apache.catalina.startup.HostConfig.deployDirectory Deploying web application directory [/Users/juan/code/skillsoft/java-novice-to-javanista/track-3-javanista/building-web-applications-with-jsp-integrating-a-jsp-app-with-a-database/apache-tomcat-10.1.12/webapps/manager]
24-Aug-2023 20:50:04.945 INFO [main] org.apache.catalina.startup.HostConfig.deployDirectory Deployment of web application directory [/Users/juan/code/skillsoft/java-novice-to-javanista/track-3-javanista/building-web-applications-with-jsp-integrating-a-jsp-app-with-a-database/apache-tomcat-10.1.12/webapps/manager] has finished in [33] ms
24-Aug-2023 20:50:04.946 INFO [main] org.apache.catalina.startup.HostConfig.deployDirectory Deploying web application directory [/Users/juan/code/skillsoft/java-novice-to-javanista/track-3-javanista/building-web-applications-with-jsp-integrating-a-jsp-app-with-a-database/apache-tomcat-10.1.12/webapps/examples]
24-Aug-2023 20:50:05.183 INFO [main] org.apache.catalina.startup.HostConfig.deployDirectory Deployment of web application directory [/Users/juan/code/skillsoft/java-novice-to-javanista/track-3-javanista/building-web-applications-with-jsp-integrating-a-jsp-app-with-a-database/apache-tomcat-10.1.12/webapps/examples] has finished in [237] ms
24-Aug-2023 20:50:05.183 INFO [main] org.apache.catalina.startup.HostConfig.deployDirectory Deploying web application directory [/Users/juan/code/skillsoft/java-novice-to-javanista/track-3-javanista/building-web-applications-with-jsp-integrating-a-jsp-app-with-a-database/apache-tomcat-10.1.12/webapps/ROOT]
24-Aug-2023 20:50:05.201 INFO [main] org.apache.catalina.startup.HostConfig.deployDirectory Deployment of web application directory [/Users/juan/code/skillsoft/java-novice-to-javanista/track-3-javanista/building-web-applications-with-jsp-integrating-a-jsp-app-with-a-database/apache-tomcat-10.1.12/webapps/ROOT] has finished in [18] ms
24-Aug-2023 20:50:05.202 INFO [main] org.apache.catalina.startup.HostConfig.deployDirectory Deploying web application directory [/Users/juan/code/skillsoft/java-novice-to-javanista/track-3-javanista/building-web-applications-with-jsp-integrating-a-jsp-app-with-a-database/apache-tomcat-10.1.12/webapps/host-manager]
24-Aug-2023 20:50:05.228 INFO [main] org.apache.catalina.startup.HostConfig.deployDirectory Deployment of web application directory [/Users/juan/code/skillsoft/java-novice-to-javanista/track-3-javanista/building-web-applications-with-jsp-integrating-a-jsp-app-with-a-database/apache-tomcat-10.1.12/webapps/host-manager] has finished in [26] ms
24-Aug-2023 20:50:05.235 INFO [main] org.apache.catalina.startup.Catalina.start Server startup in [1305] milliseconds
24-Aug-2023 20:50:05.240 SEVERE [main] org.apache.catalina.core.StandardServer.await Failed to create server shutdown socket on address [localhost] and port [8005] (base port [8005] and offset [0])
	java.net.BindException: Address already in use
		at java.base/sun.nio.ch.Net.bind0(Native Method)
		at java.base/sun.nio.ch.Net.bind(Net.java:469)
		at java.base/sun.nio.ch.Net.bind(Net.java:458)
		at java.base/sun.nio.ch.NioSocketImpl.bind(NioSocketImpl.java:643)
		at java.base/java.net.ServerSocket.bind(ServerSocket.java:374)
		at java.base/java.net.ServerSocket.<init>(ServerSocket.java:260)
		at org.apache.catalina.core.StandardServer.await(StandardServer.java:578)
		at org.apache.catalina.startup.Catalina.await(Catalina.java:887)
		at org.apache.catalina.startup.Catalina.start(Catalina.java:833)
		at java.base/jdk.internal.reflect.NativeMethodAccessorImpl.invoke0(Native Method)
		at java.base/jdk.internal.reflect.NativeMethodAccessorImpl.invoke(NativeMethodAccessorImpl.java:62)
		at java.base/jdk.internal.reflect.DelegatingMethodAccessorImpl.invoke(DelegatingMethodAccessorImpl.java:43)
		at java.base/java.lang.reflect.Method.invoke(Method.java:567)
		at org.apache.catalina.startup.Bootstrap.start(Bootstrap.java:347)
		at org.apache.catalina.startup.Bootstrap.main(Bootstrap.java:478)
24-Aug-2023 20:50:05.241 INFO [main] org.apache.coyote.AbstractProtocol.pause Pausing ProtocolHandler ["http-nio-8080"]
24-Aug-2023 20:50:05.241 INFO [main] org.apache.catalina.core.StandardService.stopInternal Stopping service [Catalina]
24-Aug-2023 20:50:05.265 INFO [main] org.apache.coyote.AbstractProtocol.stop Stopping ProtocolHandler ["http-nio-8080"]
24-Aug-2023 20:50:05.266 INFO [main] org.apache.coyote.AbstractProtocol.destroy Destroying ProtocolHandler ["http-nio-8080"]
24-Aug-2023 20:52:58.116 INFO [main] org.apache.catalina.startup.VersionLoggerListener.log Server version name:   Apache Tomcat/10.1.12
24-Aug-2023 20:52:58.119 INFO [main] org.apache.catalina.startup.VersionLoggerListener.log Server built:          Aug 8 2023 19:16:13 UTC
24-Aug-2023 20:52:58.119 INFO [main] org.apache.catalina.startup.VersionLoggerListener.log Server version number: 10.1.12.0
24-Aug-2023 20:52:58.119 INFO [main] org.apache.catalina.startup.VersionLoggerListener.log OS Name:               Mac OS X
24-Aug-2023 20:52:58.119 INFO [main] org.apache.catalina.startup.VersionLoggerListener.log OS Version:            10.16
24-Aug-2023 20:52:58.119 INFO [main] org.apache.catalina.startup.VersionLoggerListener.log Architecture:          x86_64
24-Aug-2023 20:52:58.119 INFO [main] org.apache.catalina.startup.VersionLoggerListener.log Java Home:             /Library/Java/JavaVirtualMachines/jdk-13.0.1.jdk/Contents/Home
24-Aug-2023 20:52:58.119 INFO [main] org.apache.catalina.startup.VersionLoggerListener.log JVM Version:           13.0.1+9
24-Aug-2023 20:52:58.119 INFO [main] org.apache.catalina.startup.VersionLoggerListener.log JVM Vendor:            Oracle Corporation
24-Aug-2023 20:52:58.120 INFO [main] org.apache.catalina.startup.VersionLoggerListener.log CATALINA_BASE:         /Users/juan/code/skillsoft/java-novice-to-javanista/track-3-javanista/building-web-applications-with-jsp-integrating-a-jsp-app-with-a-database/apache-tomcat-10.1.12
24-Aug-2023 20:52:58.120 INFO [main] org.apache.catalina.startup.VersionLoggerListener.log CATALINA_HOME:         /Users/juan/code/skillsoft/java-novice-to-javanista/track-3-javanista/building-web-applications-with-jsp-integrating-a-jsp-app-with-a-database/apache-tomcat-10.1.12
24-Aug-2023 20:52:58.136 INFO [main] org.apache.catalina.startup.VersionLoggerListener.log Command line argument: -Djava.util.logging.config.file=/Users/juan/code/skillsoft/java-novice-to-javanista/track-3-javanista/building-web-applications-with-jsp-integrating-a-jsp-app-with-a-database/apache-tomcat-10.1.12/conf/logging.properties
24-Aug-2023 20:52:58.136 INFO [main] org.apache.catalina.startup.VersionLoggerListener.log Command line argument: -Djava.util.logging.manager=org.apache.juli.ClassLoaderLogManager
24-Aug-2023 20:52:58.136 INFO [main] org.apache.catalina.startup.VersionLoggerListener.log Command line argument: -Djdk.tls.ephemeralDHKeySize=2048
24-Aug-2023 20:52:58.137 INFO [main] org.apache.catalina.startup.VersionLoggerListener.log Command line argument: -Djava.protocol.handler.pkgs=org.apache.catalina.webresources
24-Aug-2023 20:52:58.137 INFO [main] org.apache.catalina.startup.VersionLoggerListener.log Command line argument: -Dorg.apache.catalina.security.SecurityListener.UMASK=0027
24-Aug-2023 20:52:58.137 INFO [main] org.apache.catalina.startup.VersionLoggerListener.log Command line argument: --add-opens=java.base/java.lang=ALL-UNNAMED
24-Aug-2023 20:52:58.137 INFO [main] org.apache.catalina.startup.VersionLoggerListener.log Command line argument: --add-opens=java.base/java.io=ALL-UNNAMED
24-Aug-2023 20:52:58.138 INFO [main] org.apache.catalina.startup.VersionLoggerListener.log Command line argument: --add-opens=java.base/java.util=ALL-UNNAMED
24-Aug-2023 20:52:58.138 INFO [main] org.apache.catalina.startup.VersionLoggerListener.log Command line argument: --add-opens=java.base/java.util.concurrent=ALL-UNNAMED
24-Aug-2023 20:52:58.138 INFO [main] org.apache.catalina.startup.VersionLoggerListener.log Command line argument: --add-opens=java.rmi/sun.rmi.transport=ALL-UNNAMED
24-Aug-2023 20:52:58.138 INFO [main] org.apache.catalina.startup.VersionLoggerListener.log Command line argument: -Dcatalina.base=/Users/juan/code/skillsoft/java-novice-to-javanista/track-3-javanista/building-web-applications-with-jsp-integrating-a-jsp-app-with-a-database/apache-tomcat-10.1.12
24-Aug-2023 20:52:58.138 INFO [main] org.apache.catalina.startup.VersionLoggerListener.log Command line argument: -Dcatalina.home=/Users/juan/code/skillsoft/java-novice-to-javanista/track-3-javanista/building-web-applications-with-jsp-integrating-a-jsp-app-with-a-database/apache-tomcat-10.1.12
24-Aug-2023 20:52:58.138 INFO [main] org.apache.catalina.startup.VersionLoggerListener.log Command line argument: -Djava.io.tmpdir=/Users/juan/code/skillsoft/java-novice-to-javanista/track-3-javanista/building-web-applications-with-jsp-integrating-a-jsp-app-with-a-database/apache-tomcat-10.1.12/temp
24-Aug-2023 20:52:58.143 INFO [main] org.apache.catalina.core.AprLifecycleListener.lifecycleEvent The Apache Tomcat Native library which allows using OpenSSL was not found on the java.library.path: [/Users/juan/Library/Java/Extensions:/Library/Java/Extensions:/Network/Library/Java/Extensions:/System/Library/Java/Extensions:/usr/lib/java:.]
24-Aug-2023 20:52:58.377 INFO [main] org.apache.coyote.AbstractProtocol.init Initializing ProtocolHandler ["http-nio-8080"]
24-Aug-2023 20:52:58.402 INFO [main] org.apache.catalina.startup.Catalina.load Server initialization in [476] milliseconds
24-Aug-2023 20:52:58.437 INFO [main] org.apache.catalina.core.StandardService.startInternal Starting service [Catalina]
24-Aug-2023 20:52:58.437 INFO [main] org.apache.catalina.core.StandardEngine.startInternal Starting Servlet engine: [Apache Tomcat/10.1.12]
24-Aug-2023 20:52:58.459 INFO [main] org.apache.catalina.startup.HostConfig.deployWAR Deploying web application archive [/Users/juan/code/skillsoft/java-novice-to-javanista/track-3-javanista/building-web-applications-with-jsp-integrating-a-jsp-app-with-a-database/apache-tomcat-10.1.12/webapps/jsp-project.war]
24-Aug-2023 20:52:59.098 INFO [main] org.apache.jasper.servlet.TldScanner.scanJars At least one JAR was scanned for TLDs yet contained no TLDs. Enable debug logging for this logger for a complete list of JARs that were scanned but no TLDs were found in them. Skipping unneeded JARs during scanning can improve startup time and JSP compilation time.
24-Aug-2023 20:52:59.128 INFO [main] org.apache.catalina.startup.HostConfig.deployWAR Deployment of web application archive [/Users/juan/code/skillsoft/java-novice-to-javanista/track-3-javanista/building-web-applications-with-jsp-integrating-a-jsp-app-with-a-database/apache-tomcat-10.1.12/webapps/jsp-project.war] has finished in [669] ms
24-Aug-2023 20:52:59.129 INFO [main] org.apache.catalina.startup.HostConfig.deployDirectory Deploying web application directory [/Users/juan/code/skillsoft/java-novice-to-javanista/track-3-javanista/building-web-applications-with-jsp-integrating-a-jsp-app-with-a-database/apache-tomcat-10.1.12/webapps/docs]
24-Aug-2023 20:52:59.155 INFO [main] org.apache.catalina.startup.HostConfig.deployDirectory Deployment of web application directory [/Users/juan/code/skillsoft/java-novice-to-javanista/track-3-javanista/building-web-applications-with-jsp-integrating-a-jsp-app-with-a-database/apache-tomcat-10.1.12/webapps/docs] has finished in [26] ms
24-Aug-2023 20:52:59.155 INFO [main] org.apache.catalina.startup.HostConfig.deployDirectory Deploying web application directory [/Users/juan/code/skillsoft/java-novice-to-javanista/track-3-javanista/building-web-applications-with-jsp-integrating-a-jsp-app-with-a-database/apache-tomcat-10.1.12/webapps/manager]
24-Aug-2023 20:52:59.191 INFO [main] org.apache.catalina.startup.HostConfig.deployDirectory Deployment of web application directory [/Users/juan/code/skillsoft/java-novice-to-javanista/track-3-javanista/building-web-applications-with-jsp-integrating-a-jsp-app-with-a-database/apache-tomcat-10.1.12/webapps/manager] has finished in [35] ms
24-Aug-2023 20:52:59.191 INFO [main] org.apache.catalina.startup.HostConfig.deployDirectory Deploying web application directory [/Users/juan/code/skillsoft/java-novice-to-javanista/track-3-javanista/building-web-applications-with-jsp-integrating-a-jsp-app-with-a-database/apache-tomcat-10.1.12/webapps/examples]
24-Aug-2023 20:52:59.435 INFO [main] org.apache.catalina.startup.HostConfig.deployDirectory Deployment of web application directory [/Users/juan/code/skillsoft/java-novice-to-javanista/track-3-javanista/building-web-applications-with-jsp-integrating-a-jsp-app-with-a-database/apache-tomcat-10.1.12/webapps/examples] has finished in [244] ms
24-Aug-2023 20:52:59.435 INFO [main] org.apache.catalina.startup.HostConfig.deployDirectory Deploying web application directory [/Users/juan/code/skillsoft/java-novice-to-javanista/track-3-javanista/building-web-applications-with-jsp-integrating-a-jsp-app-with-a-database/apache-tomcat-10.1.12/webapps/ROOT]
24-Aug-2023 20:52:59.451 INFO [main] org.apache.catalina.startup.HostConfig.deployDirectory Deployment of web application directory [/Users/juan/code/skillsoft/java-novice-to-javanista/track-3-javanista/building-web-applications-with-jsp-integrating-a-jsp-app-with-a-database/apache-tomcat-10.1.12/webapps/ROOT] has finished in [16] ms
24-Aug-2023 20:52:59.451 INFO [main] org.apache.catalina.startup.HostConfig.deployDirectory Deploying web application directory [/Users/juan/code/skillsoft/java-novice-to-javanista/track-3-javanista/building-web-applications-with-jsp-integrating-a-jsp-app-with-a-database/apache-tomcat-10.1.12/webapps/host-manager]
24-Aug-2023 20:52:59.472 INFO [main] org.apache.catalina.startup.HostConfig.deployDirectory Deployment of web application directory [/Users/juan/code/skillsoft/java-novice-to-javanista/track-3-javanista/building-web-applications-with-jsp-integrating-a-jsp-app-with-a-database/apache-tomcat-10.1.12/webapps/host-manager] has finished in [21] ms
24-Aug-2023 20:52:59.477 INFO [main] org.apache.coyote.AbstractProtocol.start Starting ProtocolHandler ["http-nio-8080"]
24-Aug-2023 20:52:59.490 INFO [main] org.apache.catalina.startup.Catalina.start Server startup in [1088] milliseconds
24-Aug-2023 20:55:49.580 INFO [Catalina-utility-1] org.apache.catalina.startup.HostConfig.undeploy Undeploying context [/jsp-project]
24-Aug-2023 20:55:49.606 INFO [Catalina-utility-1] org.apache.catalina.startup.HostConfig.deployWAR Deploying web application archive [/Users/juan/code/skillsoft/java-novice-to-javanista/track-3-javanista/building-web-applications-with-jsp-integrating-a-jsp-app-with-a-database/apache-tomcat-10.1.12/webapps/jsp-project.war]
24-Aug-2023 20:55:49.983 INFO [Catalina-utility-1] org.apache.jasper.servlet.TldScanner.scanJars At least one JAR was scanned for TLDs yet contained no TLDs. Enable debug logging for this logger for a complete list of JARs that were scanned but no TLDs were found in them. Skipping unneeded JARs during scanning can improve startup time and JSP compilation time.
24-Aug-2023 20:55:49.985 INFO [Catalina-utility-1] org.apache.catalina.startup.HostConfig.deployWAR Deployment of web application archive [/Users/juan/code/skillsoft/java-novice-to-javanista/track-3-javanista/building-web-applications-with-jsp-integrating-a-jsp-app-with-a-database/apache-tomcat-10.1.12/webapps/jsp-project.war] has finished in [380] ms
