23-Aug-2023 15:39:59.503 INFO [main] org.apache.catalina.startup.VersionLoggerListener.log Server version name:   Apache Tomcat/10.1.12
23-Aug-2023 15:39:59.509 INFO [main] org.apache.catalina.startup.VersionLoggerListener.log Server built:          Aug 8 2023 19:16:13 UTC
23-Aug-2023 15:39:59.509 INFO [main] org.apache.catalina.startup.VersionLoggerListener.log Server version number: 10.1.12.0
23-Aug-2023 15:39:59.509 INFO [main] org.apache.catalina.startup.VersionLoggerListener.log OS Name:               Mac OS X
23-Aug-2023 15:39:59.509 INFO [main] org.apache.catalina.startup.VersionLoggerListener.log OS Version:            10.16
23-Aug-2023 15:39:59.509 INFO [main] org.apache.catalina.startup.VersionLoggerListener.log Architecture:          x86_64
23-Aug-2023 15:39:59.509 INFO [main] org.apache.catalina.startup.VersionLoggerListener.log Java Home:             /Library/Java/JavaVirtualMachines/jdk-13.0.1.jdk/Contents/Home
23-Aug-2023 15:39:59.509 INFO [main] org.apache.catalina.startup.VersionLoggerListener.log JVM Version:           13.0.1+9
23-Aug-2023 15:39:59.510 INFO [main] org.apache.catalina.startup.VersionLoggerListener.log JVM Vendor:            Oracle Corporation
23-Aug-2023 15:39:59.510 INFO [main] org.apache.catalina.startup.VersionLoggerListener.log CATALINA_BASE:         /Users/juan/code/skillsoft/java-novice-to-javanista/track-3-javanista/building-web-applications-with-jsp-customizing-responses-with-servlets/apache-tomcat-10.1.12
23-Aug-2023 15:39:59.510 INFO [main] org.apache.catalina.startup.VersionLoggerListener.log CATALINA_HOME:         /Users/juan/code/skillsoft/java-novice-to-javanista/track-3-javanista/building-web-applications-with-jsp-customizing-responses-with-servlets/apache-tomcat-10.1.12
23-Aug-2023 15:39:59.541 INFO [main] org.apache.catalina.startup.VersionLoggerListener.log Command line argument: -Djava.util.logging.config.file=/Users/juan/code/skillsoft/java-novice-to-javanista/track-3-javanista/building-web-applications-with-jsp-customizing-responses-with-servlets/apache-tomcat-10.1.12/conf/logging.properties
23-Aug-2023 15:39:59.541 INFO [main] org.apache.catalina.startup.VersionLoggerListener.log Command line argument: -Djava.util.logging.manager=org.apache.juli.ClassLoaderLogManager
23-Aug-2023 15:39:59.542 INFO [main] org.apache.catalina.startup.VersionLoggerListener.log Command line argument: -Djdk.tls.ephemeralDHKeySize=2048
23-Aug-2023 15:39:59.542 INFO [main] org.apache.catalina.startup.VersionLoggerListener.log Command line argument: -Djava.protocol.handler.pkgs=org.apache.catalina.webresources
23-Aug-2023 15:39:59.542 INFO [main] org.apache.catalina.startup.VersionLoggerListener.log Command line argument: -Dorg.apache.catalina.security.SecurityListener.UMASK=0027
23-Aug-2023 15:39:59.542 INFO [main] org.apache.catalina.startup.VersionLoggerListener.log Command line argument: --add-opens=java.base/java.lang=ALL-UNNAMED
23-Aug-2023 15:39:59.542 INFO [main] org.apache.catalina.startup.VersionLoggerListener.log Command line argument: --add-opens=java.base/java.io=ALL-UNNAMED
23-Aug-2023 15:39:59.542 INFO [main] org.apache.catalina.startup.VersionLoggerListener.log Command line argument: --add-opens=java.base/java.util=ALL-UNNAMED
23-Aug-2023 15:39:59.542 INFO [main] org.apache.catalina.startup.VersionLoggerListener.log Command line argument: --add-opens=java.base/java.util.concurrent=ALL-UNNAMED
23-Aug-2023 15:39:59.542 INFO [main] org.apache.catalina.startup.VersionLoggerListener.log Command line argument: --add-opens=java.rmi/sun.rmi.transport=ALL-UNNAMED
23-Aug-2023 15:39:59.543 INFO [main] org.apache.catalina.startup.VersionLoggerListener.log Command line argument: -Dcatalina.base=/Users/juan/code/skillsoft/java-novice-to-javanista/track-3-javanista/building-web-applications-with-jsp-customizing-responses-with-servlets/apache-tomcat-10.1.12
23-Aug-2023 15:39:59.543 INFO [main] org.apache.catalina.startup.VersionLoggerListener.log Command line argument: -Dcatalina.home=/Users/juan/code/skillsoft/java-novice-to-javanista/track-3-javanista/building-web-applications-with-jsp-customizing-responses-with-servlets/apache-tomcat-10.1.12
23-Aug-2023 15:39:59.543 INFO [main] org.apache.catalina.startup.VersionLoggerListener.log Command line argument: -Djava.io.tmpdir=/Users/juan/code/skillsoft/java-novice-to-javanista/track-3-javanista/building-web-applications-with-jsp-customizing-responses-with-servlets/apache-tomcat-10.1.12/temp
23-Aug-2023 15:39:59.545 INFO [main] org.apache.catalina.core.AprLifecycleListener.lifecycleEvent The Apache Tomcat Native library which allows using OpenSSL was not found on the java.library.path: [/Users/juan/Library/Java/Extensions:/Library/Java/Extensions:/Network/Library/Java/Extensions:/System/Library/Java/Extensions:/usr/lib/java:.]
23-Aug-2023 15:39:59.804 INFO [main] org.apache.coyote.AbstractProtocol.init Initializing ProtocolHandler ["http-nio-8080"]
23-Aug-2023 15:39:59.838 INFO [main] org.apache.catalina.startup.Catalina.load Server initialization in [558] milliseconds
23-Aug-2023 15:39:59.881 INFO [main] org.apache.catalina.core.StandardService.startInternal Starting service [Catalina]
23-Aug-2023 15:39:59.882 INFO [main] org.apache.catalina.core.StandardEngine.startInternal Starting Servlet engine: [Apache Tomcat/10.1.12]
23-Aug-2023 15:39:59.904 INFO [main] org.apache.catalina.startup.HostConfig.deployWAR Deploying web application archive [/Users/juan/code/skillsoft/java-novice-to-javanista/track-3-javanista/building-web-applications-with-jsp-customizing-responses-with-servlets/apache-tomcat-10.1.12/webapps/jsp-project.war]
23-Aug-2023 15:39:59.926 INFO [main] org.apache.catalina.startup.ExpandWar.expand An expanded directory [/Users/juan/code/skillsoft/java-novice-to-javanista/track-3-javanista/building-web-applications-with-jsp-customizing-responses-with-servlets/apache-tomcat-10.1.12/webapps/jsp-project] was found with a last modified time that did not match the associated WAR. It will be deleted.
23-Aug-2023 15:40:00.276 INFO [main] org.apache.catalina.startup.HostConfig.deployWAR Deployment of web application archive [/Users/juan/code/skillsoft/java-novice-to-javanista/track-3-javanista/building-web-applications-with-jsp-customizing-responses-with-servlets/apache-tomcat-10.1.12/webapps/jsp-project.war] has finished in [371] ms
23-Aug-2023 15:40:00.277 INFO [main] org.apache.catalina.startup.HostConfig.deployDirectory Deploying web application directory [/Users/juan/code/skillsoft/java-novice-to-javanista/track-3-javanista/building-web-applications-with-jsp-customizing-responses-with-servlets/apache-tomcat-10.1.12/webapps/docs]
23-Aug-2023 15:40:00.306 INFO [main] org.apache.catalina.startup.HostConfig.deployDirectory Deployment of web application directory [/Users/juan/code/skillsoft/java-novice-to-javanista/track-3-javanista/building-web-applications-with-jsp-customizing-responses-with-servlets/apache-tomcat-10.1.12/webapps/docs] has finished in [28] ms
23-Aug-2023 15:40:00.306 INFO [main] org.apache.catalina.startup.HostConfig.deployDirectory Deploying web application directory [/Users/juan/code/skillsoft/java-novice-to-javanista/track-3-javanista/building-web-applications-with-jsp-customizing-responses-with-servlets/apache-tomcat-10.1.12/webapps/manager]
23-Aug-2023 15:40:00.340 INFO [main] org.apache.catalina.startup.HostConfig.deployDirectory Deployment of web application directory [/Users/juan/code/skillsoft/java-novice-to-javanista/track-3-javanista/building-web-applications-with-jsp-customizing-responses-with-servlets/apache-tomcat-10.1.12/webapps/manager] has finished in [34] ms
23-Aug-2023 15:40:00.341 INFO [main] org.apache.catalina.startup.HostConfig.deployDirectory Deploying web application directory [/Users/juan/code/skillsoft/java-novice-to-javanista/track-3-javanista/building-web-applications-with-jsp-customizing-responses-with-servlets/apache-tomcat-10.1.12/webapps/examples]
23-Aug-2023 15:40:00.612 INFO [main] org.apache.catalina.startup.HostConfig.deployDirectory Deployment of web application directory [/Users/juan/code/skillsoft/java-novice-to-javanista/track-3-javanista/building-web-applications-with-jsp-customizing-responses-with-servlets/apache-tomcat-10.1.12/webapps/examples] has finished in [271] ms
23-Aug-2023 15:40:00.612 INFO [main] org.apache.catalina.startup.HostConfig.deployDirectory Deploying web application directory [/Users/juan/code/skillsoft/java-novice-to-javanista/track-3-javanista/building-web-applications-with-jsp-customizing-responses-with-servlets/apache-tomcat-10.1.12/webapps/ROOT]
23-Aug-2023 15:40:00.632 INFO [main] org.apache.catalina.startup.HostConfig.deployDirectory Deployment of web application directory [/Users/juan/code/skillsoft/java-novice-to-javanista/track-3-javanista/building-web-applications-with-jsp-customizing-responses-with-servlets/apache-tomcat-10.1.12/webapps/ROOT] has finished in [20] ms
23-Aug-2023 15:40:00.633 INFO [main] org.apache.catalina.startup.HostConfig.deployDirectory Deploying web application directory [/Users/juan/code/skillsoft/java-novice-to-javanista/track-3-javanista/building-web-applications-with-jsp-customizing-responses-with-servlets/apache-tomcat-10.1.12/webapps/host-manager]
23-Aug-2023 15:40:00.658 INFO [main] org.apache.catalina.startup.HostConfig.deployDirectory Deployment of web application directory [/Users/juan/code/skillsoft/java-novice-to-javanista/track-3-javanista/building-web-applications-with-jsp-customizing-responses-with-servlets/apache-tomcat-10.1.12/webapps/host-manager] has finished in [24] ms
23-Aug-2023 15:40:00.666 INFO [main] org.apache.coyote.AbstractProtocol.start Starting ProtocolHandler ["http-nio-8080"]
23-Aug-2023 15:40:00.686 INFO [main] org.apache.catalina.startup.Catalina.start Server startup in [847] milliseconds
23-Aug-2023 16:29:02.114 INFO [Catalina-utility-1] org.apache.catalina.startup.HostConfig.undeploy Undeploying context [/jsp-project]
23-Aug-2023 16:29:02.152 INFO [Catalina-utility-1] org.apache.catalina.startup.HostConfig.deployWAR Deploying web application archive [/Users/juan/code/skillsoft/java-novice-to-javanista/track-3-javanista/building-web-applications-with-jsp-customizing-responses-with-servlets/apache-tomcat-10.1.12/webapps/jsp-project.war]
23-Aug-2023 16:29:02.207 INFO [Catalina-utility-1] org.apache.catalina.startup.HostConfig.deployWAR Deployment of web application archive [/Users/juan/code/skillsoft/java-novice-to-javanista/track-3-javanista/building-web-applications-with-jsp-customizing-responses-with-servlets/apache-tomcat-10.1.12/webapps/jsp-project.war] has finished in [55] ms
23-Aug-2023 18:47:14.312 INFO [Catalina-utility-2] org.apache.catalina.startup.HostConfig.undeploy Undeploying context [/jsp-project]
23-Aug-2023 18:47:14.345 INFO [Catalina-utility-2] org.apache.catalina.startup.HostConfig.deployWAR Deploying web application archive [/Users/juan/code/skillsoft/java-novice-to-javanista/track-3-javanista/building-web-applications-with-jsp-customizing-responses-with-servlets/apache-tomcat-10.1.12/webapps/jsp-project.war]
23-Aug-2023 18:47:14.407 INFO [Catalina-utility-2] org.apache.catalina.startup.HostConfig.deployWAR Deployment of web application archive [/Users/juan/code/skillsoft/java-novice-to-javanista/track-3-javanista/building-web-applications-with-jsp-customizing-responses-with-servlets/apache-tomcat-10.1.12/webapps/jsp-project.war] has finished in [61] ms
23-Aug-2023 19:03:44.925 INFO [Catalina-utility-2] org.apache.catalina.startup.HostConfig.undeploy Undeploying context [/jsp-project]
23-Aug-2023 19:03:44.953 INFO [Catalina-utility-2] org.apache.catalina.startup.HostConfig.deployWAR Deploying web application archive [/Users/juan/code/skillsoft/java-novice-to-javanista/track-3-javanista/building-web-applications-with-jsp-customizing-responses-with-servlets/apache-tomcat-10.1.12/webapps/jsp-project.war]
23-Aug-2023 19:03:45.019 INFO [Catalina-utility-2] org.apache.catalina.startup.HostConfig.deployWAR Deployment of web application archive [/Users/juan/code/skillsoft/java-novice-to-javanista/track-3-javanista/building-web-applications-with-jsp-customizing-responses-with-servlets/apache-tomcat-10.1.12/webapps/jsp-project.war] has finished in [65] ms
23-Aug-2023 19:24:15.623 INFO [Catalina-utility-2] org.apache.catalina.startup.HostConfig.undeploy Undeploying context [/jsp-project]
23-Aug-2023 19:24:15.683 INFO [Catalina-utility-2] org.apache.catalina.startup.HostConfig.deployWAR Deploying web application archive [/Users/juan/code/skillsoft/java-novice-to-javanista/track-3-javanista/building-web-applications-with-jsp-customizing-responses-with-servlets/apache-tomcat-10.1.12/webapps/jsp-project.war]
23-Aug-2023 19:24:15.752 INFO [Catalina-utility-2] org.apache.catalina.startup.HostConfig.deployWAR Deployment of web application archive [/Users/juan/code/skillsoft/java-novice-to-javanista/track-3-javanista/building-web-applications-with-jsp-customizing-responses-with-servlets/apache-tomcat-10.1.12/webapps/jsp-project.war] has finished in [69] ms
23-Aug-2023 20:11:57.111 INFO [Catalina-utility-2] org.apache.catalina.startup.HostConfig.undeploy Undeploying context [/jsp-project]
23-Aug-2023 20:11:57.143 INFO [Catalina-utility-2] org.apache.catalina.startup.HostConfig.deployWAR Deploying web application archive [/Users/juan/code/skillsoft/java-novice-to-javanista/track-3-javanista/building-web-applications-with-jsp-customizing-responses-with-servlets/apache-tomcat-10.1.12/webapps/jsp-project.war]
23-Aug-2023 20:11:57.207 INFO [Catalina-utility-2] org.apache.catalina.startup.HostConfig.deployWAR Deployment of web application archive [/Users/juan/code/skillsoft/java-novice-to-javanista/track-3-javanista/building-web-applications-with-jsp-customizing-responses-with-servlets/apache-tomcat-10.1.12/webapps/jsp-project.war] has finished in [63] ms
