25-Aug-2023 00:15:04.247 INFO [Catalina-utility-2] org.apache.catalina.startup.HostConfig.undeploy Undeploying context [/jsp-project]
25-Aug-2023 00:15:04.272 WARNING [Catalina-utility-2] org.apache.catalina.loader.WebappClassLoaderBase.clearReferencesJdbc The web application [jsp-project] registered the JDBC driver [com.mysql.cj.jdbc.Driver] but failed to unregister it when the web application was stopped. To prevent a memory leak, the JDBC Driver has been forcibly unregistered.
25-Aug-2023 00:15:04.274 WARNING [Catalina-utility-2] org.apache.catalina.loader.WebappClassLoaderBase.clearReferencesThreads The web application [jsp-project] appears to have started a thread named [mysql-cj-abandoned-connection-cleanup] but has failed to stop it. This is very likely to create a memory leak. Stack trace of thread:
 java.base@13.0.1/java.lang.Object.wait(Native Method)
 java.base@13.0.1/java.lang.ref.ReferenceQueue.remove(ReferenceQueue.java:155)
 com.mysql.cj.jdbc.AbandonedConnectionCleanupThread.run(AbandonedConnectionCleanupThread.java:91)
 java.base@13.0.1/java.util.concurrent.ThreadPoolExecutor.runWorker(ThreadPoolExecutor.java:1128)
 java.base@13.0.1/java.util.concurrent.ThreadPoolExecutor$Worker.run(ThreadPoolExecutor.java:628)
 java.base@13.0.1/java.lang.Thread.run(Thread.java:830)
25-Aug-2023 00:15:04.291 INFO [Catalina-utility-2] org.apache.catalina.startup.HostConfig.deployWAR Deploying web application archive [/Users/juan/code/skillsoft/java-novice-to-javanista/track-3-javanista/building-web-applications-with-jsp-integrating-a-jsp-app-with-a-database/apache-tomcat-10.1.12/webapps/jsp-project.war]
25-Aug-2023 00:15:05.102 INFO [Catalina-utility-2] org.apache.jasper.servlet.TldScanner.scanJars At least one JAR was scanned for TLDs yet contained no TLDs. Enable debug logging for this logger for a complete list of JARs that were scanned but no TLDs were found in them. Skipping unneeded JARs during scanning can improve startup time and JSP compilation time.
25-Aug-2023 00:15:05.111 INFO [Catalina-utility-2] org.apache.catalina.startup.HostConfig.deployWAR Deployment of web application archive [/Users/juan/code/skillsoft/java-novice-to-javanista/track-3-javanista/building-web-applications-with-jsp-integrating-a-jsp-app-with-a-database/apache-tomcat-10.1.12/webapps/jsp-project.war] has finished in [819] ms
25-Aug-2023 00:15:06.105 INFO [mysql-cj-abandoned-connection-cleanup] org.apache.catalina.loader.WebappClassLoaderBase.checkStateForResourceLoading Illegal access: this web application instance has been stopped already. Could not load []. The following stack trace is thrown for debugging purposes as well as to attempt to terminate the thread which caused the illegal access.
	java.lang.IllegalStateException: Illegal access: this web application instance has been stopped already. Could not load []. The following stack trace is thrown for debugging purposes as well as to attempt to terminate the thread which caused the illegal access.
		at org.apache.catalina.loader.WebappClassLoaderBase.checkStateForResourceLoading(WebappClassLoaderBase.java:1457)
		at org.apache.catalina.loader.WebappClassLoaderBase.getResource(WebappClassLoaderBase.java:1047)
		at com.mysql.cj.jdbc.AbandonedConnectionCleanupThread.checkThreadContextClassLoader(AbandonedConnectionCleanupThread.java:123)
		at com.mysql.cj.jdbc.AbandonedConnectionCleanupThread.run(AbandonedConnectionCleanupThread.java:90)
		at java.base/java.util.concurrent.ThreadPoolExecutor.runWorker(ThreadPoolExecutor.java:1128)
		at java.base/java.util.concurrent.ThreadPoolExecutor$Worker.run(ThreadPoolExecutor.java:628)
		at java.base/java.lang.Thread.run(Thread.java:830)
25-Aug-2023 00:17:08.515 INFO [main] org.apache.catalina.startup.VersionLoggerListener.log Server version name:   Apache Tomcat/10.1.12
25-Aug-2023 00:17:08.518 INFO [main] org.apache.catalina.startup.VersionLoggerListener.log Server built:          Aug 8 2023 19:16:13 UTC
25-Aug-2023 00:17:08.518 INFO [main] org.apache.catalina.startup.VersionLoggerListener.log Server version number: 10.1.12.0
25-Aug-2023 00:17:08.518 INFO [main] org.apache.catalina.startup.VersionLoggerListener.log OS Name:               Mac OS X
25-Aug-2023 00:17:08.518 INFO [main] org.apache.catalina.startup.VersionLoggerListener.log OS Version:            10.16
25-Aug-2023 00:17:08.519 INFO [main] org.apache.catalina.startup.VersionLoggerListener.log Architecture:          x86_64
25-Aug-2023 00:17:08.519 INFO [main] org.apache.catalina.startup.VersionLoggerListener.log Java Home:             /Library/Java/JavaVirtualMachines/jdk-13.0.1.jdk/Contents/Home
25-Aug-2023 00:17:08.519 INFO [main] org.apache.catalina.startup.VersionLoggerListener.log JVM Version:           13.0.1+9
25-Aug-2023 00:17:08.519 INFO [main] org.apache.catalina.startup.VersionLoggerListener.log JVM Vendor:            Oracle Corporation
25-Aug-2023 00:17:08.519 INFO [main] org.apache.catalina.startup.VersionLoggerListener.log CATALINA_BASE:         /Users/juan/code/skillsoft/java-novice-to-javanista/track-3-javanista/building-web-applications-with-jsp-integrating-a-jsp-app-with-a-database/apache-tomcat-10.1.12
25-Aug-2023 00:17:08.519 INFO [main] org.apache.catalina.startup.VersionLoggerListener.log CATALINA_HOME:         /Users/juan/code/skillsoft/java-novice-to-javanista/track-3-javanista/building-web-applications-with-jsp-integrating-a-jsp-app-with-a-database/apache-tomcat-10.1.12
25-Aug-2023 00:17:08.533 INFO [main] org.apache.catalina.startup.VersionLoggerListener.log Command line argument: -Djava.util.logging.config.file=/Users/juan/code/skillsoft/java-novice-to-javanista/track-3-javanista/building-web-applications-with-jsp-integrating-a-jsp-app-with-a-database/apache-tomcat-10.1.12/conf/logging.properties
25-Aug-2023 00:17:08.533 INFO [main] org.apache.catalina.startup.VersionLoggerListener.log Command line argument: -Djava.util.logging.manager=org.apache.juli.ClassLoaderLogManager
25-Aug-2023 00:17:08.533 INFO [main] org.apache.catalina.startup.VersionLoggerListener.log Command line argument: -Djdk.tls.ephemeralDHKeySize=2048
25-Aug-2023 00:17:08.533 INFO [main] org.apache.catalina.startup.VersionLoggerListener.log Command line argument: -Djava.protocol.handler.pkgs=org.apache.catalina.webresources
25-Aug-2023 00:17:08.534 INFO [main] org.apache.catalina.startup.VersionLoggerListener.log Command line argument: -Dorg.apache.catalina.security.SecurityListener.UMASK=0027
25-Aug-2023 00:17:08.534 INFO [main] org.apache.catalina.startup.VersionLoggerListener.log Command line argument: --add-opens=java.base/java.lang=ALL-UNNAMED
25-Aug-2023 00:17:08.534 INFO [main] org.apache.catalina.startup.VersionLoggerListener.log Command line argument: --add-opens=java.base/java.io=ALL-UNNAMED
25-Aug-2023 00:17:08.534 INFO [main] org.apache.catalina.startup.VersionLoggerListener.log Command line argument: --add-opens=java.base/java.util=ALL-UNNAMED
25-Aug-2023 00:17:08.534 INFO [main] org.apache.catalina.startup.VersionLoggerListener.log Command line argument: --add-opens=java.base/java.util.concurrent=ALL-UNNAMED
25-Aug-2023 00:17:08.534 INFO [main] org.apache.catalina.startup.VersionLoggerListener.log Command line argument: --add-opens=java.rmi/sun.rmi.transport=ALL-UNNAMED
25-Aug-2023 00:17:08.535 INFO [main] org.apache.catalina.startup.VersionLoggerListener.log Command line argument: -Dcatalina.base=/Users/juan/code/skillsoft/java-novice-to-javanista/track-3-javanista/building-web-applications-with-jsp-integrating-a-jsp-app-with-a-database/apache-tomcat-10.1.12
25-Aug-2023 00:17:08.535 INFO [main] org.apache.catalina.startup.VersionLoggerListener.log Command line argument: -Dcatalina.home=/Users/juan/code/skillsoft/java-novice-to-javanista/track-3-javanista/building-web-applications-with-jsp-integrating-a-jsp-app-with-a-database/apache-tomcat-10.1.12
25-Aug-2023 00:17:08.535 INFO [main] org.apache.catalina.startup.VersionLoggerListener.log Command line argument: -Djava.io.tmpdir=/Users/juan/code/skillsoft/java-novice-to-javanista/track-3-javanista/building-web-applications-with-jsp-integrating-a-jsp-app-with-a-database/apache-tomcat-10.1.12/temp
25-Aug-2023 00:17:08.538 INFO [main] org.apache.catalina.core.AprLifecycleListener.lifecycleEvent The Apache Tomcat Native library which allows using OpenSSL was not found on the java.library.path: [/Users/juan/Library/Java/Extensions:/Library/Java/Extensions:/Network/Library/Java/Extensions:/System/Library/Java/Extensions:/usr/lib/java:.]
25-Aug-2023 00:17:08.761 INFO [main] org.apache.coyote.AbstractProtocol.init Initializing ProtocolHandler ["http-nio-8080"]
25-Aug-2023 00:17:08.786 INFO [main] org.apache.catalina.startup.Catalina.load Server initialization in [451] milliseconds
25-Aug-2023 00:17:08.820 INFO [main] org.apache.catalina.core.StandardService.startInternal Starting service [Catalina]
25-Aug-2023 00:17:08.821 INFO [main] org.apache.catalina.core.StandardEngine.startInternal Starting Servlet engine: [Apache Tomcat/10.1.12]
25-Aug-2023 00:17:08.841 INFO [main] org.apache.catalina.startup.HostConfig.deployWAR Deploying web application archive [/Users/juan/code/skillsoft/java-novice-to-javanista/track-3-javanista/building-web-applications-with-jsp-integrating-a-jsp-app-with-a-database/apache-tomcat-10.1.12/webapps/jsp-project.war]
25-Aug-2023 00:17:09.796 INFO [main] org.apache.jasper.servlet.TldScanner.scanJars At least one JAR was scanned for TLDs yet contained no TLDs. Enable debug logging for this logger for a complete list of JARs that were scanned but no TLDs were found in them. Skipping unneeded JARs during scanning can improve startup time and JSP compilation time.
25-Aug-2023 00:17:09.844 INFO [main] org.apache.catalina.startup.HostConfig.deployWAR Deployment of web application archive [/Users/juan/code/skillsoft/java-novice-to-javanista/track-3-javanista/building-web-applications-with-jsp-integrating-a-jsp-app-with-a-database/apache-tomcat-10.1.12/webapps/jsp-project.war] has finished in [1,002] ms
25-Aug-2023 00:17:09.844 INFO [main] org.apache.catalina.startup.HostConfig.deployDirectory Deploying web application directory [/Users/juan/code/skillsoft/java-novice-to-javanista/track-3-javanista/building-web-applications-with-jsp-integrating-a-jsp-app-with-a-database/apache-tomcat-10.1.12/webapps/docs]
25-Aug-2023 00:17:09.868 INFO [main] org.apache.catalina.startup.HostConfig.deployDirectory Deployment of web application directory [/Users/juan/code/skillsoft/java-novice-to-javanista/track-3-javanista/building-web-applications-with-jsp-integrating-a-jsp-app-with-a-database/apache-tomcat-10.1.12/webapps/docs] has finished in [24] ms
25-Aug-2023 00:17:09.868 INFO [main] org.apache.catalina.startup.HostConfig.deployDirectory Deploying web application directory [/Users/juan/code/skillsoft/java-novice-to-javanista/track-3-javanista/building-web-applications-with-jsp-integrating-a-jsp-app-with-a-database/apache-tomcat-10.1.12/webapps/manager]
25-Aug-2023 00:17:09.901 INFO [main] org.apache.catalina.startup.HostConfig.deployDirectory Deployment of web application directory [/Users/juan/code/skillsoft/java-novice-to-javanista/track-3-javanista/building-web-applications-with-jsp-integrating-a-jsp-app-with-a-database/apache-tomcat-10.1.12/webapps/manager] has finished in [33] ms
25-Aug-2023 00:17:09.902 INFO [main] org.apache.catalina.startup.HostConfig.deployDirectory Deploying web application directory [/Users/juan/code/skillsoft/java-novice-to-javanista/track-3-javanista/building-web-applications-with-jsp-integrating-a-jsp-app-with-a-database/apache-tomcat-10.1.12/webapps/examples]
25-Aug-2023 00:17:10.117 INFO [main] org.apache.catalina.startup.HostConfig.deployDirectory Deployment of web application directory [/Users/juan/code/skillsoft/java-novice-to-javanista/track-3-javanista/building-web-applications-with-jsp-integrating-a-jsp-app-with-a-database/apache-tomcat-10.1.12/webapps/examples] has finished in [214] ms
25-Aug-2023 00:17:10.117 INFO [main] org.apache.catalina.startup.HostConfig.deployDirectory Deploying web application directory [/Users/juan/code/skillsoft/java-novice-to-javanista/track-3-javanista/building-web-applications-with-jsp-integrating-a-jsp-app-with-a-database/apache-tomcat-10.1.12/webapps/ROOT]
25-Aug-2023 00:17:10.132 INFO [main] org.apache.catalina.startup.HostConfig.deployDirectory Deployment of web application directory [/Users/juan/code/skillsoft/java-novice-to-javanista/track-3-javanista/building-web-applications-with-jsp-integrating-a-jsp-app-with-a-database/apache-tomcat-10.1.12/webapps/ROOT] has finished in [15] ms
25-Aug-2023 00:17:10.132 INFO [main] org.apache.catalina.startup.HostConfig.deployDirectory Deploying web application directory [/Users/juan/code/skillsoft/java-novice-to-javanista/track-3-javanista/building-web-applications-with-jsp-integrating-a-jsp-app-with-a-database/apache-tomcat-10.1.12/webapps/host-manager]
25-Aug-2023 00:17:10.153 INFO [main] org.apache.catalina.startup.HostConfig.deployDirectory Deployment of web application directory [/Users/juan/code/skillsoft/java-novice-to-javanista/track-3-javanista/building-web-applications-with-jsp-integrating-a-jsp-app-with-a-database/apache-tomcat-10.1.12/webapps/host-manager] has finished in [21] ms
25-Aug-2023 00:17:10.159 INFO [main] org.apache.coyote.AbstractProtocol.start Starting ProtocolHandler ["http-nio-8080"]
25-Aug-2023 00:17:10.177 INFO [main] org.apache.catalina.startup.Catalina.start Server startup in [1390] milliseconds
25-Aug-2023 17:01:26.073 INFO [main] org.apache.catalina.startup.VersionLoggerListener.log Server version name:   Apache Tomcat/10.1.12
25-Aug-2023 17:01:26.075 INFO [main] org.apache.catalina.startup.VersionLoggerListener.log Server built:          Aug 8 2023 19:16:13 UTC
25-Aug-2023 17:01:26.076 INFO [main] org.apache.catalina.startup.VersionLoggerListener.log Server version number: 10.1.12.0
25-Aug-2023 17:01:26.076 INFO [main] org.apache.catalina.startup.VersionLoggerListener.log OS Name:               Mac OS X
25-Aug-2023 17:01:26.076 INFO [main] org.apache.catalina.startup.VersionLoggerListener.log OS Version:            10.16
25-Aug-2023 17:01:26.076 INFO [main] org.apache.catalina.startup.VersionLoggerListener.log Architecture:          x86_64
25-Aug-2023 17:01:26.077 INFO [main] org.apache.catalina.startup.VersionLoggerListener.log Java Home:             /Library/Java/JavaVirtualMachines/jdk-13.0.1.jdk/Contents/Home
25-Aug-2023 17:01:26.077 INFO [main] org.apache.catalina.startup.VersionLoggerListener.log JVM Version:           13.0.1+9
25-Aug-2023 17:01:26.077 INFO [main] org.apache.catalina.startup.VersionLoggerListener.log JVM Vendor:            Oracle Corporation
25-Aug-2023 17:01:26.077 INFO [main] org.apache.catalina.startup.VersionLoggerListener.log CATALINA_BASE:         /Users/juan/code/skillsoft/java-novice-to-javanista/track-3-javanista/building-web-applications-with-jsp-integrating-a-jsp-app-with-a-database/apache-tomcat-10.1.12
25-Aug-2023 17:01:26.077 INFO [main] org.apache.catalina.startup.VersionLoggerListener.log CATALINA_HOME:         /Users/juan/code/skillsoft/java-novice-to-javanista/track-3-javanista/building-web-applications-with-jsp-integrating-a-jsp-app-with-a-database/apache-tomcat-10.1.12
25-Aug-2023 17:01:26.109 INFO [main] org.apache.catalina.startup.VersionLoggerListener.log Command line argument: -Djava.util.logging.config.file=/Users/juan/code/skillsoft/java-novice-to-javanista/track-3-javanista/building-web-applications-with-jsp-integrating-a-jsp-app-with-a-database/apache-tomcat-10.1.12/conf/logging.properties
25-Aug-2023 17:01:26.109 INFO [main] org.apache.catalina.startup.VersionLoggerListener.log Command line argument: -Djava.util.logging.manager=org.apache.juli.ClassLoaderLogManager
25-Aug-2023 17:01:26.109 INFO [main] org.apache.catalina.startup.VersionLoggerListener.log Command line argument: -Djdk.tls.ephemeralDHKeySize=2048
25-Aug-2023 17:01:26.110 INFO [main] org.apache.catalina.startup.VersionLoggerListener.log Command line argument: -Djava.protocol.handler.pkgs=org.apache.catalina.webresources
25-Aug-2023 17:01:26.110 INFO [main] org.apache.catalina.startup.VersionLoggerListener.log Command line argument: -Dorg.apache.catalina.security.SecurityListener.UMASK=0027
25-Aug-2023 17:01:26.110 INFO [main] org.apache.catalina.startup.VersionLoggerListener.log Command line argument: --add-opens=java.base/java.lang=ALL-UNNAMED
25-Aug-2023 17:01:26.110 INFO [main] org.apache.catalina.startup.VersionLoggerListener.log Command line argument: --add-opens=java.base/java.io=ALL-UNNAMED
25-Aug-2023 17:01:26.110 INFO [main] org.apache.catalina.startup.VersionLoggerListener.log Command line argument: --add-opens=java.base/java.util=ALL-UNNAMED
25-Aug-2023 17:01:26.110 INFO [main] org.apache.catalina.startup.VersionLoggerListener.log Command line argument: --add-opens=java.base/java.util.concurrent=ALL-UNNAMED
25-Aug-2023 17:01:26.110 INFO [main] org.apache.catalina.startup.VersionLoggerListener.log Command line argument: --add-opens=java.rmi/sun.rmi.transport=ALL-UNNAMED
25-Aug-2023 17:01:26.110 INFO [main] org.apache.catalina.startup.VersionLoggerListener.log Command line argument: -Dcatalina.base=/Users/juan/code/skillsoft/java-novice-to-javanista/track-3-javanista/building-web-applications-with-jsp-integrating-a-jsp-app-with-a-database/apache-tomcat-10.1.12
25-Aug-2023 17:01:26.110 INFO [main] org.apache.catalina.startup.VersionLoggerListener.log Command line argument: -Dcatalina.home=/Users/juan/code/skillsoft/java-novice-to-javanista/track-3-javanista/building-web-applications-with-jsp-integrating-a-jsp-app-with-a-database/apache-tomcat-10.1.12
25-Aug-2023 17:01:26.110 INFO [main] org.apache.catalina.startup.VersionLoggerListener.log Command line argument: -Djava.io.tmpdir=/Users/juan/code/skillsoft/java-novice-to-javanista/track-3-javanista/building-web-applications-with-jsp-integrating-a-jsp-app-with-a-database/apache-tomcat-10.1.12/temp
25-Aug-2023 17:01:26.116 INFO [main] org.apache.catalina.core.AprLifecycleListener.lifecycleEvent The Apache Tomcat Native library which allows using OpenSSL was not found on the java.library.path: [/Users/juan/Library/Java/Extensions:/Library/Java/Extensions:/Network/Library/Java/Extensions:/System/Library/Java/Extensions:/usr/lib/java:.]
25-Aug-2023 17:01:26.364 INFO [main] org.apache.coyote.AbstractProtocol.init Initializing ProtocolHandler ["http-nio-8080"]
25-Aug-2023 17:01:26.390 INFO [main] org.apache.catalina.startup.Catalina.load Server initialization in [521] milliseconds
25-Aug-2023 17:01:26.432 INFO [main] org.apache.catalina.core.StandardService.startInternal Starting service [Catalina]
25-Aug-2023 17:01:26.432 INFO [main] org.apache.catalina.core.StandardEngine.startInternal Starting Servlet engine: [Apache Tomcat/10.1.12]
25-Aug-2023 17:01:26.454 INFO [main] org.apache.catalina.startup.HostConfig.deployWAR Deploying web application archive [/Users/juan/code/skillsoft/java-novice-to-javanista/track-3-javanista/building-web-applications-with-jsp-integrating-a-jsp-app-with-a-database/apache-tomcat-10.1.12/webapps/jsp-project.war]
25-Aug-2023 17:01:26.477 INFO [main] org.apache.catalina.startup.ExpandWar.expand An expanded directory [/Users/juan/code/skillsoft/java-novice-to-javanista/track-3-javanista/building-web-applications-with-jsp-integrating-a-jsp-app-with-a-database/apache-tomcat-10.1.12/webapps/jsp-project] was found with a last modified time that did not match the associated WAR. It will be deleted.
25-Aug-2023 17:01:27.636 INFO [main] org.apache.jasper.servlet.TldScanner.scanJars At least one JAR was scanned for TLDs yet contained no TLDs. Enable debug logging for this logger for a complete list of JARs that were scanned but no TLDs were found in them. Skipping unneeded JARs during scanning can improve startup time and JSP compilation time.
25-Aug-2023 17:01:27.681 INFO [main] org.apache.catalina.startup.HostConfig.deployWAR Deployment of web application archive [/Users/juan/code/skillsoft/java-novice-to-javanista/track-3-javanista/building-web-applications-with-jsp-integrating-a-jsp-app-with-a-database/apache-tomcat-10.1.12/webapps/jsp-project.war] has finished in [1,226] ms
25-Aug-2023 17:01:27.681 INFO [main] org.apache.catalina.startup.HostConfig.deployDirectory Deploying web application directory [/Users/juan/code/skillsoft/java-novice-to-javanista/track-3-javanista/building-web-applications-with-jsp-integrating-a-jsp-app-with-a-database/apache-tomcat-10.1.12/webapps/docs]
25-Aug-2023 17:01:27.708 INFO [main] org.apache.catalina.startup.HostConfig.deployDirectory Deployment of web application directory [/Users/juan/code/skillsoft/java-novice-to-javanista/track-3-javanista/building-web-applications-with-jsp-integrating-a-jsp-app-with-a-database/apache-tomcat-10.1.12/webapps/docs] has finished in [27] ms
25-Aug-2023 17:01:27.709 INFO [main] org.apache.catalina.startup.HostConfig.deployDirectory Deploying web application directory [/Users/juan/code/skillsoft/java-novice-to-javanista/track-3-javanista/building-web-applications-with-jsp-integrating-a-jsp-app-with-a-database/apache-tomcat-10.1.12/webapps/manager]
25-Aug-2023 17:01:27.746 INFO [main] org.apache.catalina.startup.HostConfig.deployDirectory Deployment of web application directory [/Users/juan/code/skillsoft/java-novice-to-javanista/track-3-javanista/building-web-applications-with-jsp-integrating-a-jsp-app-with-a-database/apache-tomcat-10.1.12/webapps/manager] has finished in [38] ms
25-Aug-2023 17:01:27.747 INFO [main] org.apache.catalina.startup.HostConfig.deployDirectory Deploying web application directory [/Users/juan/code/skillsoft/java-novice-to-javanista/track-3-javanista/building-web-applications-with-jsp-integrating-a-jsp-app-with-a-database/apache-tomcat-10.1.12/webapps/examples]
25-Aug-2023 17:01:28.051 INFO [main] org.apache.catalina.startup.HostConfig.deployDirectory Deployment of web application directory [/Users/juan/code/skillsoft/java-novice-to-javanista/track-3-javanista/building-web-applications-with-jsp-integrating-a-jsp-app-with-a-database/apache-tomcat-10.1.12/webapps/examples] has finished in [305] ms
25-Aug-2023 17:01:28.068 INFO [main] org.apache.catalina.startup.HostConfig.deployDirectory Deploying web application directory [/Users/juan/code/skillsoft/java-novice-to-javanista/track-3-javanista/building-web-applications-with-jsp-integrating-a-jsp-app-with-a-database/apache-tomcat-10.1.12/webapps/ROOT]
25-Aug-2023 17:01:28.085 INFO [main] org.apache.catalina.startup.HostConfig.deployDirectory Deployment of web application directory [/Users/juan/code/skillsoft/java-novice-to-javanista/track-3-javanista/building-web-applications-with-jsp-integrating-a-jsp-app-with-a-database/apache-tomcat-10.1.12/webapps/ROOT] has finished in [17] ms
25-Aug-2023 17:01:28.086 INFO [main] org.apache.catalina.startup.HostConfig.deployDirectory Deploying web application directory [/Users/juan/code/skillsoft/java-novice-to-javanista/track-3-javanista/building-web-applications-with-jsp-integrating-a-jsp-app-with-a-database/apache-tomcat-10.1.12/webapps/host-manager]
25-Aug-2023 17:01:28.109 INFO [main] org.apache.catalina.startup.HostConfig.deployDirectory Deployment of web application directory [/Users/juan/code/skillsoft/java-novice-to-javanista/track-3-javanista/building-web-applications-with-jsp-integrating-a-jsp-app-with-a-database/apache-tomcat-10.1.12/webapps/host-manager] has finished in [24] ms
25-Aug-2023 17:01:28.114 INFO [main] org.apache.coyote.AbstractProtocol.start Starting ProtocolHandler ["http-nio-8080"]
25-Aug-2023 17:01:28.135 INFO [main] org.apache.catalina.startup.Catalina.start Server startup in [1743] milliseconds
25-Aug-2023 17:13:08.569 INFO [Catalina-utility-1] org.apache.catalina.startup.HostConfig.undeploy Undeploying context [/jsp-project]
25-Aug-2023 17:13:08.580 WARNING [Catalina-utility-1] org.apache.catalina.loader.WebappClassLoaderBase.clearReferencesJdbc The web application [jsp-project] registered the JDBC driver [com.mysql.cj.jdbc.Driver] but failed to unregister it when the web application was stopped. To prevent a memory leak, the JDBC Driver has been forcibly unregistered.
25-Aug-2023 17:13:08.580 WARNING [Catalina-utility-1] org.apache.catalina.loader.WebappClassLoaderBase.clearReferencesThreads The web application [jsp-project] appears to have started a thread named [mysql-cj-abandoned-connection-cleanup] but has failed to stop it. This is very likely to create a memory leak. Stack trace of thread:
 java.base@13.0.1/java.lang.Object.wait(Native Method)
 java.base@13.0.1/java.lang.ref.ReferenceQueue.remove(ReferenceQueue.java:155)
 com.mysql.cj.jdbc.AbandonedConnectionCleanupThread.run(AbandonedConnectionCleanupThread.java:91)
 java.base@13.0.1/java.util.concurrent.ThreadPoolExecutor.runWorker(ThreadPoolExecutor.java:1128)
 java.base@13.0.1/java.util.concurrent.ThreadPoolExecutor$Worker.run(ThreadPoolExecutor.java:628)
 java.base@13.0.1/java.lang.Thread.run(Thread.java:830)
25-Aug-2023 17:13:08.606 INFO [Catalina-utility-1] org.apache.catalina.startup.HostConfig.deployWAR Deploying web application archive [/Users/juan/code/skillsoft/java-novice-to-javanista/track-3-javanista/building-web-applications-with-jsp-integrating-a-jsp-app-with-a-database/apache-tomcat-10.1.12/webapps/jsp-project.war]
25-Aug-2023 17:13:09.447 INFO [Catalina-utility-1] org.apache.jasper.servlet.TldScanner.scanJars At least one JAR was scanned for TLDs yet contained no TLDs. Enable debug logging for this logger for a complete list of JARs that were scanned but no TLDs were found in them. Skipping unneeded JARs during scanning can improve startup time and JSP compilation time.
25-Aug-2023 17:13:09.456 INFO [Catalina-utility-1] org.apache.catalina.startup.HostConfig.deployWAR Deployment of web application archive [/Users/juan/code/skillsoft/java-novice-to-javanista/track-3-javanista/building-web-applications-with-jsp-integrating-a-jsp-app-with-a-database/apache-tomcat-10.1.12/webapps/jsp-project.war] has finished in [850] ms
25-Aug-2023 17:13:12.611 INFO [mysql-cj-abandoned-connection-cleanup] org.apache.catalina.loader.WebappClassLoaderBase.checkStateForResourceLoading Illegal access: this web application instance has been stopped already. Could not load []. The following stack trace is thrown for debugging purposes as well as to attempt to terminate the thread which caused the illegal access.
	java.lang.IllegalStateException: Illegal access: this web application instance has been stopped already. Could not load []. The following stack trace is thrown for debugging purposes as well as to attempt to terminate the thread which caused the illegal access.
		at org.apache.catalina.loader.WebappClassLoaderBase.checkStateForResourceLoading(WebappClassLoaderBase.java:1457)
		at org.apache.catalina.loader.WebappClassLoaderBase.getResource(WebappClassLoaderBase.java:1047)
		at com.mysql.cj.jdbc.AbandonedConnectionCleanupThread.checkThreadContextClassLoader(AbandonedConnectionCleanupThread.java:123)
		at com.mysql.cj.jdbc.AbandonedConnectionCleanupThread.run(AbandonedConnectionCleanupThread.java:90)
		at java.base/java.util.concurrent.ThreadPoolExecutor.runWorker(ThreadPoolExecutor.java:1128)
		at java.base/java.util.concurrent.ThreadPoolExecutor$Worker.run(ThreadPoolExecutor.java:628)
		at java.base/java.lang.Thread.run(Thread.java:830)
